project_company_id 14
company_contact_list_response [{'ID': '1552', 'NAME': 'Boniface', 'LAST_NAME': 'Kaile', 'HONORIFIC': 'HNR_EN_1', 'UF_CRM_1707795488198': 'UrValue437', 'EMAIL': [{'ID': '5112', 'VALUE_TYPE': 'WORK', 'VALUE': 'Boniface.Kaile@santos.com', 'TYPE_ID': 'EMAIL'}]}]
random_generated_password UrValue659
Email sent successfully!
company_contact_list_response [{'ID': '1568', 'NAME': 'Juliana', 'LAST_NAME': 'Rex', 'HONORIFIC': 'HNR_EN_3', 'UF_CRM_1707795488198': 'UrValue558', 'EMAIL': [{'ID': '5126', 'VALUE_TYPE': 'WORK', 'VALUE': 'jrex@png-pep.org', 'TYPE_ID': 'EMAIL'}]}]
random_generated_password UrValue334
Email sent successfully!
company_contact_list_response [{'ID': '1566', 'NAME': 'Joseph', 'LAST_NAME': 'Birisi', 'HONORIFIC': 'HNR_EN_1', 'UF_CRM_1707795488198': 'UrValue806', 'EMAIL': [{'ID': '5124', 'VALUE_TYPE': 'WORK', 'VALUE': 'jtbirisi@gmail.com', 'TYPE_ID': 'EMAIL'}]}]
random_generated_password UrValue745
Email sent successfully!
company_contact_list_response [{'ID': '1564', 'NAME': 'David', 'LAST_NAME': "O'Farrell", 'HONORIFIC': 'HNR_EN_1', 'UF_CRM_1707795488198': 'UrValue395', 'EMAIL': [{'ID': '5122', 'VALUE_TYPE': 'WORK', 'VALUE': "David.O'Farrell@santos.com", 'TYPE_ID': 'EMAIL'}]}]
random_generated_password UrValue515
Email sent successfully!
company_contact_list_response [{'ID': '1562', 'NAME': 'Gracelle', 'LAST_NAME': 'Manape', 'HONORIFIC': 'HNR_EN_3', 'UF_CRM_1707795488198': 'UrValue547', 'EMAIL': [{'ID': '5120', 'VALUE_TYPE': 'WORK', 'VALUE': 'gmanape@png-pep.org', 'TYPE_ID': 'EMAIL'}]}]
random_generated_password UrValue901
Email sent successfully!
company_contact_list_response [{'ID': '1560', 'NAME': 'James', 'LAST_NAME': 'Lilley', 'HONORIFIC': 'HNR_EN_1', 'UF_CRM_1707795488198': 'UrValue962', 'EMAIL': [{'ID': '5118', 'VALUE_TYPE': 'WORK', 'VALUE': 'jlilley@rti.org', 'TYPE_ID': 'EMAIL'}]}]
random_generated_password UrValue465
Email sent successfully!
company_contact_list_response [{'ID': '1558', 'NAME': 'Riyzal', 'LAST_NAME': 'Bahdari', 'HONORIFIC': 'HNR_EN_1', 'UF_CRM_1707795488198': 'UrValue405', 'EMAIL': [{'ID': '5128', 'VALUE_TYPE': 'WORK', 'VALUE': 'rbahdari@rti.org', 'TYPE_ID': 'EMAIL'}]}]
random_generated_password UrValue771
Email sent successfully!
company_contact_list_response [{'ID': '1556', 'NAME': 'Gordon', 'LAST_NAME': 'Shaw', 'HONORIFIC': 'HNR_EN_1', 'UF_CRM_1707795488198': 'UrValue677', 'EMAIL': [{'ID': '5116', 'VALUE_TYPE': 'WORK', 'VALUE': 'gshaw@rti.org', 'TYPE_ID': 'EMAIL'}]}]
random_generated_password UrValue101
Email sent successfully!
company_contact_list_response [{'ID': '1554', 'NAME': 'Corbet', 'LAST_NAME': 'Bruce', 'HONORIFIC': 'HNR_EN_1', 'UF_CRM_1707795488198': 'UrValue803', 'EMAIL': [{'ID': '5114', 'VALUE_TYPE': 'WORK', 'VALUE': 'bcorbet@png-pep.org', 'TYPE_ID': 'EMAIL'}]}]
random_generated_password UrValue639
Email sent successfully!
company_contact_list_response [{'ID': '492', 'NAME': 'Garick', 'LAST_NAME': 'Lee', 'HONORIFIC': 'HNR_EN_1', 'UF_CRM_1707795488198': 'UrValue154', 'EMAIL': [{'ID': '1660', 'VALUE_TYPE': 'WORK', 'VALUE': 'glee@png-pep.org', 'TYPE_ID': 'EMAIL'}]}]
random_generated_password UrValue933
Email sent successfully!
company_contact_list_response [{'ID': '1550', 'NAME': 'Obed', 'LAST_NAME': 'Kisip', 'HONORIFIC': 'HNR_EN_1', 'UF_CRM_1707795488198': 'UrValue277', 'EMAIL': [{'ID': '5110', 'VALUE_TYPE': 'WORK', 'VALUE': 'Obed.Kisip@santos.com', 'TYPE_ID': 'EMAIL'}]}]
random_generated_password UrValue602
Email sent successfully!
company_contact_list_response [{'ID': '1548', 'NAME': 'Jean', 'LAST_NAME': 'Martin', 'HONORIFIC': 'HNR_EN_1', 'UF_CRM_1707795488198': 'UrValue261', 'EMAIL': [{'ID': '5108', 'VALUE_TYPE': 'WORK', 'VALUE': 'Jean.Martin@santos.com', 'TYPE_ID': 'EMAIL'}]}]
random_generated_password UrValue484
Email sent successfully!
company_contact_list_response [{'ID': '1546', 'NAME': 'Selvaraj', 'LAST_NAME': 'Manickavasagam', 'HONORIFIC': 'HNR_EN_1', 'UF_CRM_1707795488198': 'UrValue784', 'EMAIL': [{'ID': '5106', 'VALUE_TYPE': 'WORK', 'VALUE': 're-engineer04@green.com.pg', 'TYPE_ID': 'EMAIL'}]}]
random_generated_password UrValue596
Email sent successfully!
company_contact_list_response [{'ID': '1530', 'NAME': 'Sobhan', 'LAST_NAME': 'Kumar', 'HONORIFIC': 'HNR_EN_1', 'UF_CRM_1707795488198': '12345', 'EMAIL': [{'ID': '5068', 'VALUE_TYPE': 'WORK', 'VALUE': 'sobhan.kumar@green.com.pg', 'TYPE_ID': 'EMAIL'}]}]
random_generated_password UrValue480
Email sent successfully!
company_contact_list_response [{'ID': '1528', 'NAME': 'Wilson ', 'LAST_NAME': 'Mondo', 'HONORIFIC': 'HNR_EN_1', 'UF_CRM_1707795488198': 'UrValue567', 'EMAIL': [{'ID': '5066', 'VALUE_TYPE': 'WORK', 'VALUE': 'wmondo@png-pep.org', 'TYPE_ID': 'EMAIL'}]}]
random_generated_password UrValue954
Email sent successfully!
company_contact_list_response [{'ID': '1462', 'NAME': 'Bernard', 'LAST_NAME': 'George', 'HONORIFIC': 'HNR_EN_1', 'UF_CRM_1707795488198': 'UrValue884', 'EMAIL': [{'ID': '4834', 'VALUE_TYPE': 'WORK', 'VALUE': 'bernard@green.com.pg', 'TYPE_ID': 'EMAIL'}]}]
random_generated_password UrValue844
Email sent successfully!
company_contact_list_response [{'ID': '536', 'NAME': 'Janet', 'LAST_NAME': 'James', 'HONORIFIC': 'HNR_EN_3', 'UF_CRM_1707795488198': '123', 'EMAIL': [{'ID': '1720', 'VALUE_TYPE': 'WORK', 'VALUE': 'janet.james@nexttechnosolutions.co.in', 'TYPE_ID': 'EMAIL'}]}]
random_generated_password UrValue783
Email sent successfully!
